Active-HDL 8.3.2120.sp1.14.3884  2018-04-17 21:54:32

Elaboration top modules:
Architecture                  external_sbox(keyschedule)


---------------------------------------------------------------------------------------------------------
Entity      | Architecture  | Library     | Info | Compiler Version                | Compilation Options
---------------------------------------------------------------------------------------------------------
keyschedule | external_sbox | keyschedule |      | 8.3.2120.sp1.14.3884  (Windows) | -O3 -2002
---------------------------------------------------------------------------------------------------------

---------------------------------------------------------------------------------------------------------
VHDL Package                | Library     | Info | Compiler Version                | Compilation Options
---------------------------------------------------------------------------------------------------------
standard                    | std         |      |                                 | <unavailable>
TEXTIO                      | std         |      | 8.3.2120.sp1.14.3884  (Windows) | -2008
std_logic_1164              | ieee        |      | 8.3.2120.sp1.14.3884  (Windows) | -2008
aes_package                 | aes         |      | 8.3.2120.sp1.14.3884  (Windows) | -O3 -2002
---------------------------------------------------------------------------------------------------------

---------------------------------------------------------------------------------------------------------
Library                     | Comment
---------------------------------------------------------------------------------------------------------
aes                         | None
ieee                        | Standard IEEE packages library
keyschedule                 | None
std                         | Standard VHDL library
---------------------------------------------------------------------------------------------------------
