Active-HDL 8.3.2120.sp1.14.3884  2018-04-17 21:53:45

Elaboration top modules:
Architecture                  behavioral(addroundkey)


--------------------------------------------------------------------------------------------------------
Entity      | Architecture | Library     | Info | Compiler Version                | Compilation Options
--------------------------------------------------------------------------------------------------------
addroundkey | behavioral   | addroundkey |      | 8.3.2120.sp1.14.3884  (Windows) | -O3 -2002
--------------------------------------------------------------------------------------------------------

--------------------------------------------------------------------------------------------------------
VHDL Package               | Library     | Info | Compiler Version                | Compilation Options
--------------------------------------------------------------------------------------------------------
standard                   | std         |      |                                 | <unavailable>
TEXTIO                     | std         |      | 8.3.2120.sp1.14.3884  (Windows) | -2008
std_logic_1164             | ieee        |      | 8.3.2120.sp1.14.3884  (Windows) | -2008
aes_package                | aes         |      | 8.3.2120.sp1.14.3884  (Windows) | -O3 -2002
--------------------------------------------------------------------------------------------------------

--------------------------------------------------------------------------------------------------------
Library                    | Comment
--------------------------------------------------------------------------------------------------------
addroundkey                | None
aes                        | None
ieee                       | Standard IEEE packages library
std                        | Standard VHDL library
--------------------------------------------------------------------------------------------------------
