Active-HDL 8.3.2120.sp1.14.3884  2018-06-24 11:13:27

Elaboration top modules:
VHDL Configuration            testbench_for_round


---------------------------------------------------------------------------------------------------------------------------------------------------------------
Entity                                    | Architecture                        | Library       | Info | Compiler Version                | Compilation Options
---------------------------------------------------------------------------------------------------------------------------------------------------------------
round_tb                                  | tb_architecture                     | round         |      | 8.3.2120.sp1.14.3884  (Windows) | -O3 -2002
round                                     | behavioral                          | round         |      | 8.3.2120.sp1.14.3884  (Windows) | -O3 -2002
SBox                                      | xilinx_8_dual_port_rom              | sbox          |      | 8.3.2120.sp1.14.3884  (Windows) | -O3 -2002
ShiftRows                                 | behavioral                          | shiftrows     |      | 8.3.2120.sp1.14.3884  (Windows) | -O3 -2002
MixColumns                                | behavioral_concurent                | mixcolumns    |      | 8.3.2120.sp1.14.3884  (Windows) | -O3 -2002
AddRoundKey                               | behavioral                          | addroundkey   |      | 8.3.2120.sp1.14.3884  (Windows) | -O3 -2002
blk_mem_gen_v4_3                          | blk_mem_gen_v4_3_a                  | aes           |      | 8.3.2120.sp1.14.3884  (Windows) | -O3 -2002
BLK_MEM_GEN_V4_3                          | behavioral                          | xilinxcorelib |      | 8.3.2120.sp1.14.3884  (Windows) | -O3 -2002
BLK_MEM_GEN_V4_3_mem_module               | mem_module_behavioral               | xilinxcorelib |      | 8.3.2120.sp1.14.3884  (Windows) | -O3 -2002
BLK_MEM_GEN_V4_3_output_stage             | output_stage_behavioral             | xilinxcorelib |      | 8.3.2120.sp1.14.3884  (Windows) | -O3 -2002
BLK_MEM_GEN_V4_3_softecc_output_reg_stage | softecc_output_reg_stage_behavioral | xilinxcorelib |      | 8.3.2120.sp1.14.3884  (Windows) | -O3 -2002
---------------------------------------------------------------------------------------------------------------------------------------------------------------

---------------------------------------------------------------------------------------------------------------------------------------------------------------
VHDL Configuration                                                              | Library       | Info | Compiler Version                | Compilation Options
---------------------------------------------------------------------------------------------------------------------------------------------------------------
testbench_for_round                                                             | round         |      | 8.3.2120.sp1.14.3884  (Windows) | -O3 -2002
---------------------------------------------------------------------------------------------------------------------------------------------------------------

---------------------------------------------------------------------------------------------------------------------------------------------------------------
VHDL Package                                                                    | Library       | Info | Compiler Version                | Compilation Options
---------------------------------------------------------------------------------------------------------------------------------------------------------------
standard                                                                        | std           |      |                                 | <unavailable>
TEXTIO                                                                          | std           |      | 8.3.2120.sp1.14.3884  (Windows) | -2008
std_logic_1164                                                                  | ieee          |      | 8.3.2120.sp1.14.3884  (Windows) | -2008
aes_package                                                                     | aes           |      | 8.3.2120.sp1.14.3884  (Windows) | -O3 -2002
common                                                                          | mixcolumns    |      | 8.3.2120.sp1.14.3884  (Windows) | -O3 -2002
std_logic_arith                                                                 | ieee          |      | 8.3.2120.sp1.14.3884  (Windows) | -2002
STD_LOGIC_UNSIGNED                                                              | ieee          |      | 8.3.2120.sp1.14.3884  (Windows) | -2002
STD_LOGIC_TEXTIO                                                                | ieee          |      | 8.3.2120.sp1.14.3884  (Windows) | -2002
---------------------------------------------------------------------------------------------------------------------------------------------------------------

---------------------------------------------------------------------------------------------------------------------------------------------------------------
Library                                                                         | Comment
---------------------------------------------------------------------------------------------------------------------------------------------------------------
addroundkey                                                                     | None
aes                                                                             | None
ieee                                                                            | Standard IEEE packages library
mixcolumns                                                                      | None
round                                                                           | None
sbox                                                                            | None
shiftrows                                                                       | None
std                                                                             | Standard VHDL library
xilinxcorelib                                                                   | None
---------------------------------------------------------------------------------------------------------------------------------------------------------------
